Interface of POU 'ARDUINOCALCULATION'
Error 3740: arduinoCalculation (15): Unknown type 'T_HSOCKET'
Interface of POU 'ARDUINOCONNECT'
Error 3740: ArduinoConnect (7): Unknown type 'FB_SocketListen'
Error 3740: ArduinoConnect (8): Unknown type 'FB_SocketAccept'
Error 3740: ArduinoConnect (13): Unknown type 'T_HSOCKET'
Error 3740: ArduinoConnect (14): Unknown type 'T_HSOCKET'
Error 3740: ArduinoConnect (56): Unknown type 'T_HSOCKET'
Interface of POU 'ARDUINODISCONNECT'
Error 3740: ArduinoDisconnect (9): Unknown type 'FB_SocketCloseAll'
Interface of POU 'ARDUINORECEIVEDATA'
Error 3740: ArduinoReceiveData (3): Unknown type 'T_HSOCKET'
Error 3740: ArduinoReceiveData (16): Unknown type 'FB_SocketReceive'
Interface of POU 'JSCONNECT'
Error 3740: jsConnect (7): Unknown type 'FB_SocketListen'
Error 3740: jsConnect (8): Unknown type 'FB_SocketAccept'
Error 3740: jsConnect (13): Unknown type 'T_HSOCKET'
Error 3740: jsConnect (14): Unknown type 'T_HSOCKET'
Error 3740: jsConnect (56): Unknown type 'T_HSOCKET'
Interface of POU 'JSDISCONNECT'
Error 3740: jsDisconnect (9): Unknown type 'FB_SocketCloseAll'
Interface of POU 'JSRECEIVEDATA'
Error 3740: jsReceiveData (4): Unknown type 'T_HSOCKET'
Error 3740: jsReceiveData (18): Unknown type 'FB_SocketReceive'
Interface of POU 'LOCALIZATION'
Error 3740: localization (24): Unknown type 'AXIS_REF'
Error 3740: localization (25): Unknown type 'AXIS_REF'
Error 3740: localization (26): Unknown type 'AXIS_REF'
Error 3740: localization (27): Unknown type 'AXIS_REF'
Interface of POU 'MAIN'
Error 3740: MAIN (36): Unknown type 'T_HSOCKET'
Error 3740: MAIN (39): Unknown type 'T_HSOCKET'
Error 3740: MAIN (94): Unknown type 'T_HSOCKET'
Error 3740: MAIN (102): Unknown type 'T_HSOCKET'
Interface of POU 'ROS_CONNECT_RECEIVEDATA'
Error 3740: ROS_connect_receiveData (7): Unknown type 'FB_SocketListen'
Error 3740: ROS_connect_receiveData (8): Unknown type 'FB_SocketAccept'
Error 3740: ROS_connect_receiveData (13): Unknown type 'T_HSOCKET'
Error 3740: ROS_connect_receiveData (14): Unknown type 'T_HSOCKET'
Error 3740: ROS_connect_receiveData (52): Unknown type 'T_HSOCKET'
Interface of POU 'ROS_CONNECT_SENDDATA'
Error 3740: ROS_connect_sendData (7): Unknown type 'FB_SocketListen'
Error 3740: ROS_connect_sendData (8): Unknown type 'FB_SocketAccept'
Error 3740: ROS_connect_sendData (13): Unknown type 'T_HSOCKET'
Error 3740: ROS_connect_sendData (14): Unknown type 'T_HSOCKET'
Error 3740: ROS_connect_sendData (52): Unknown type 'T_HSOCKET'
Interface of POU 'ROS_DISCONNECT'
Error 3740: ROS_disconnect (9): Unknown type 'FB_SocketCloseAll'
Interface of POU 'ROS_RECEIVEDATA'
Error 3740: ROS_receiveData (3): Unknown type 'T_HSOCKET'
Error 3740: ROS_receiveData (20): Unknown type 'FB_SocketReceive'
Interface of POU 'ROS_SENDDATA'
Error 3740: ROS_sendData (4): Unknown type 'T_HSOCKET'
Error 3740: ROS_sendData (10): Unknown type 'FB_SocketSend'
Interface of POU 'WP_CONNECT'
Error 3740: WP_connect (7): Unknown type 'FB_SocketListen'
Error 3740: WP_connect (8): Unknown type 'FB_SocketAccept'
Error 3740: WP_connect (13): Unknown type 'T_HSOCKET'
Error 3740: WP_connect (14): Unknown type 'T_HSOCKET'
Error 3740: WP_connect (56): Unknown type 'T_HSOCKET'
Interface of POU 'WP_DISCONNECT'
Error 3740: WP_Disconnect (9): Unknown type 'FB_SocketCloseAll'
Interface of POU 'WP_RECEIVEDATA'
Error 3740: WP_ReceiveData (4): Unknown type 'T_HSOCKET'
Error 3740: WP_ReceiveData (18): Unknown type 'FB_SocketReceive'
Declarations of the global variables
Error 3740: Globale_Variablen (26): Unknown type 'AXIS_REF'
Error 3740: Globale_Variablen (27): Unknown type 'MC_Power'
Error 3740: Globale_Variablen (28): Unknown type 'MC_MoveVelocity'
Error 3740: Globale_Variablen (29): Unknown type 'MC_MoveVelocity'
Error 3740: Globale_Variablen (30): Unknown type 'MC_Reset'
Error 3740: Globale_Variablen (31): Unknown type 'MC_Halt'
Error 3740: Globale_Variablen (33): Unknown type 'AXIS_REF'
Error 3740: Globale_Variablen (34): Unknown type 'MC_Power'
Error 3740: Globale_Variablen (35): Unknown type 'MC_MoveVelocity'
Error 3740: Globale_Variablen (36): Unknown type 'MC_MoveVelocity'
Error 3740: Globale_Variablen (37): Unknown type 'MC_Reset'
Error 3740: Globale_Variablen (38): Unknown type 'MC_Halt'
Error 3740: Globale_Variablen (40): Unknown type 'AXIS_REF'
Error 3740: Globale_Variablen (41): Unknown type 'MC_Power'
Error 3740: Globale_Variablen (42): Unknown type 'MC_MoveVelocity'
Error 3740: Globale_Variablen (43): Unknown type 'MC_MoveVelocity'
Error 3740: Globale_Variablen (44): Unknown type 'MC_Reset'
Error 3740: Globale_Variablen (45): Unknown type 'MC_Halt'
Error 3740: Globale_Variablen (47): Unknown type 'AXIS_REF'
Error 3740: Globale_Variablen (48): Unknown type 'MC_Power'
Error 3740: Globale_Variablen (49): Unknown type 'MC_MoveVelocity'
Error 3740: Globale_Variablen (50): Unknown type 'MC_MoveVelocity'
Error 3740: Globale_Variablen (51): Unknown type 'MC_Reset'
Error 3740: Globale_Variablen (52): Unknown type 'MC_Halt'
Error 3505: Variablen_Konfiguration (2): 'AXIS1' is not a valid instance path
Error 3505: Variablen_Konfiguration (3): 'AXIS1' is not a valid instance path
Error 3505: Variablen_Konfiguration (4): 'AXIS2' is not a valid instance path
Error 3505: Variablen_Konfiguration (5): 'AXIS2' is not a valid instance path
Error 3505: Variablen_Konfiguration (6): 'AXIS3' is not a valid instance path
Error 3505: Variablen_Konfiguration (7): 'AXIS3' is not a valid instance path
Error 3505: Variablen_Konfiguration (8): 'AXIS4' is not a valid instance path
Error 3505: Variablen_Konfiguration (9): 'AXIS4' is not a valid instance path
Error 3505: TwinCAT_Configuration (3): 'ENCODER1' is not a valid instance path
Error 3505: TwinCAT_Configuration (4): 'ENCODER1' is not a valid instance path
Error 3505: TwinCAT_Configuration (5): 'ENCODER2' is not a valid instance path
Error 3505: TwinCAT_Configuration (6): 'ENCODER2' is not a valid instance path
Error 3505: TwinCAT_Configuration (7): 'ENCODER3' is not a valid instance path
Error 3505: TwinCAT_Configuration (8): 'ENCODER3' is not a valid instance path
Error 3505: TwinCAT_Configuration (9): 'ENCODER4' is not a valid instance path
Error 3505: TwinCAT_Configuration (10): 'ENCODER4' is not a valid instance path
88 Error(s), 0 Warning(s).
